## ComfyUI-Manager: installing dependencies done.
[2025-10-11 13:47:13.145] ** ComfyUI startup time: 2025-10-11 13:47:13.145
[2025-10-11 13:47:13.145] ** Platform: Linux
[2025-10-11 13:47:13.145] ** Python version: 3.10.18 (main, Jun  5 2025, 13:14:17) [GCC 11.2.0]
[2025-10-11 13:47:13.145] ** Python executable: /home/shadeform/miniconda3/envs/comfyui/bin/python
[2025-10-11 13:47:13.145] ** ComfyUI Path: /home/shadeform/ComfyUI
[2025-10-11 13:47:13.145] ** ComfyUI Base Folder Path: /home/shadeform/ComfyUI
[2025-10-11 13:47:13.145] ** User directory: /home/shadeform/ComfyUI/user
[2025-10-11 13:47:13.145] ** ComfyUI-Manager config path: /home/shadeform/ComfyUI/user/default/ComfyUI-Manager/config.ini
[2025-10-11 13:47:13.145] ** Log path: /home/shadeform/ComfyUI/user/comfyui.log

Prestartup times for custom nodes:
[2025-10-11 13:47:13.190]    0.3 seconds: /home/shadeform/ComfyUI/custom_nodes/ComfyUI-Manager
[2025-10-11 13:47:13.191] 
[2025-10-11 13:47:14.128] Checkpoint files will always be loaded safely.
[2025-10-11 13:47:14.504] Total VRAM 143072 MB, total RAM 201289 MB
[2025-10-11 13:47:14.505] pytorch version: 2.4.0+cu121
[2025-10-11 13:47:15.065] /home/shadeform/miniconda3/envs/comfyui/lib/python3.10/site-packages/xformers/ops/fmha/flash.py:211: FutureWarning: `torch.library.impl_abstract` was renamed to `torch.library.register_fake`. Please use that instead; we will remove `torch.library.impl_abstract` in a future version of PyTorch.
  @torch.library.impl_abstract("xformers_flash::flash_fwd")
[2025-10-11 13:47:15.107] /home/shadeform/miniconda3/envs/comfyui/lib/python3.10/site-packages/xformers/ops/fmha/flash.py:344: FutureWarning: `torch.library.impl_abstract` was renamed to `torch.library.register_fake`. Please use that instead; we will remove `torch.library.impl_abstract` in a future version of PyTorch.
  @torch.library.impl_abstract("xformers_flash::flash_bwd")
[2025-10-11 13:47:15.325] xformers version: 0.0.27.post2
[2025-10-11 13:47:15.325] Set vram state to: NORMAL_VRAM
[2025-10-11 13:47:15.325] Device: cuda:0 NVIDIA H200 : cudaMallocAsync
[2025-10-11 13:47:15.332] Torch version too old to set sdpa backend priority.
[2025-10-11 13:47:15.469] Using xformers attention
[2025-10-11 13:47:15.878] Python version: 3.10.18 (main, Jun  5 2025, 13:14:17) [GCC 11.2.0]
[2025-10-11 13:47:15.878] ComfyUI version: 0.3.64
[2025-10-11 13:47:15.881] ComfyUI frontend version: 1.27.10
[2025-10-11 13:47:15.881] [Prompt Server] web root: /home/shadeform/miniconda3/envs/comfyui/lib/python3.10/site-packages/comfyui_frontend_package/static
[2025-10-11 13:47:16.617] ### Loading: ComfyUI-Manager (V3.37)
[2025-10-11 13:47:16.618] [ComfyUI-Manager] network_mode: public
[2025-10-11 13:47:16.655] ### ComfyUI Version: v0.3.64-17-g14d642ac | Released on '2025-10-10'
[2025-10-11 13:47:16.745] [ComfyUI-Manager] default cache updated: https://raw.githubusercontent.com/ltdrdata/ComfyUI-Manager/main/alter-list.json
[2025-10-11 13:47:16.767] [ComfyUI-Manager] default cache updated: https://raw.githubusercontent.com/ltdrdata/ComfyUI-Manager/main/model-list.json
[2025-10-11 13:47:16.790] [ComfyUI-Manager] default cache updated: https://raw.githubusercontent.com/ltdrdata/ComfyUI-Manager/main/github-stats.json
[2025-10-11 13:47:16.829] [ComfyUI-Manager] default cache updated: https://raw.githubusercontent.com/ltdrdata/ComfyUI-Manager/main/extension-node-map.json
[2025-10-11 13:47:17.033] [ComfyUI-Manager] default cache updated: https://raw.githubusercontent.com/ltdrdata/ComfyUI-Manager/main/custom-node-list.json
[2025-10-11 13:47:17.470] ------------------------------------------
[2025-10-11 13:47:17.470] [34mComfyroll Studio v1.76 : [92m 175 Nodes Loaded[0m
[2025-10-11 13:47:17.470] ------------------------------------------
[2025-10-11 13:47:17.470] ** For changes, please see patch notes at https://github.com/Suzie1/ComfyUI_Comfyroll_CustomNodes/blob/main/Patch_Notes.md
[2025-10-11 13:47:17.470] ** For help, please see the wiki at https://github.com/Suzie1/ComfyUI_Comfyroll_CustomNodes/wiki
[2025-10-11 13:47:17.470] ------------------------------------------
[2025-10-11 13:47:19.046] 
Import times for custom nodes:
[2025-10-11 13:47:19.046]    0.0 seconds: /home/shadeform/ComfyUI/custom_nodes/websocket_image_save.py
[2025-10-11 13:47:19.046]    0.0 seconds: /home/shadeform/ComfyUI/custom_nodes/ComfyUI-BRIA_AI-RMBG
[2025-10-11 13:47:19.046]    0.0 seconds: /home/shadeform/ComfyUI/custom_nodes/ComfyUI-KJNodes
[2025-10-11 13:47:19.046]    0.0 seconds: /home/shadeform/ComfyUI/custom_nodes/ComfyUI-Manager
[2025-10-11 13:47:19.046]    0.2 seconds: /home/shadeform/ComfyUI/custom_nodes/ComfyUI_Comfyroll_CustomNodes
[2025-10-11 13:47:19.046]    0.6 seconds: /home/shadeform/ComfyUI/custom_nodes/rembg-comfyui-node
[2025-10-11 13:47:19.046]    0.6 seconds: /home/shadeform/ComfyUI/custom_nodes/comfyui-inspyrenet-rembg
[2025-10-11 13:47:19.046]    1.0 seconds: /home/shadeform/ComfyUI/custom_nodes/ComfyUI-Hunyuan3d-2-1
[2025-10-11 13:47:19.046] 
[2025-10-11 13:47:19.227] Context impl SQLiteImpl.
[2025-10-11 13:47:19.228] Will assume non-transactional DDL.
[2025-10-11 13:47:19.228] No target revision found.
[2025-10-11 13:47:19.235] Starting server

[2025-10-11 13:47:19.236] To see the GUI go to: http://0.0.0.0:8188
[2025-10-11 13:47:19.700] FETCH ComfyRegistry Data: 5/99
[2025-10-11 13:47:22.602] FETCH ComfyRegistry Data: 10/99
[2025-10-11 13:47:25.518] FETCH ComfyRegistry Data: 15/99
[2025-10-11 13:47:28.439] FETCH ComfyRegistry Data: 20/99
[2025-10-11 13:47:31.356] FETCH ComfyRegistry Data: 25/99
[2025-10-11 13:47:34.275] FETCH ComfyRegistry Data: 30/99
[2025-10-11 13:47:37.161] FETCH ComfyRegistry Data: 35/99
[2025-10-11 13:47:40.721] FETCH ComfyRegistry Data: 40/99
[2025-10-11 13:47:43.641] FETCH ComfyRegistry Data: 45/99
[2025-10-11 13:47:46.535] FETCH ComfyRegistry Data: 50/99
[2025-10-11 13:47:49.437] FETCH ComfyRegistry Data: 55/99
[2025-10-11 13:47:50.735] got prompt
[2025-10-11 13:47:52.348] FETCH ComfyRegistry Data: 60/99
[2025-10-11 13:47:52.424] Settings -> Mode=base, Device=cuda:0, Torchscript=disabled
[2025-10-11 13:47:53.068] Inspyrenet Rembg: 100%|â–ˆâ–ˆâ–ˆâ–ˆâ–ˆâ–ˆâ–ˆâ–ˆâ–ˆâ–ˆâ–ˆâ–ˆâ–ˆâ–ˆâ–ˆâ–ˆâ–ˆâ–ˆâ–ˆâ–ˆâ–ˆâ–ˆâ–ˆâ–ˆâ–ˆâ–ˆâ–ˆâ–ˆâ–ˆâ–ˆâ–ˆâ–ˆâ–ˆâ–ˆâ–ˆâ–ˆâ–ˆâ–ˆâ–ˆâ–ˆâ–ˆâ–ˆâ–ˆâ–ˆâ–ˆâ–ˆâ–ˆâ–ˆâ–ˆâ–ˆâ–ˆâ–ˆâ–ˆâ–ˆâ–ˆâ–ˆâ–ˆâ–ˆâ–ˆâ–ˆâ–ˆâ–ˆâ–ˆâ–ˆâ–ˆâ–ˆâ–ˆâ–ˆâ–ˆâ–ˆâ–ˆâ–ˆâ–ˆâ–ˆâ–ˆâ–ˆâ–ˆâ–ˆâ–ˆâ–ˆâ–ˆâ–ˆâ–ˆâ–ˆâ–ˆâ–ˆâ–ˆâ–ˆâ–ˆâ–ˆâ–ˆâ–ˆâ–ˆâ–ˆâ–ˆâ–ˆâ–ˆâ–ˆ| 1/1 [00:00<00:00,  1.55it/s]Inspyrenet Rembg: 100%|â–ˆâ–ˆâ–ˆâ–ˆâ–ˆâ–ˆâ–ˆâ–ˆâ–ˆâ–ˆâ–ˆâ–ˆâ–ˆâ–ˆâ–ˆâ–ˆâ–ˆâ–ˆâ–ˆâ–ˆâ–ˆâ–ˆâ–ˆâ–ˆâ–ˆâ–ˆâ–ˆâ–ˆâ–ˆâ–ˆâ–ˆâ–ˆâ–ˆâ–ˆâ–ˆâ–ˆâ–ˆâ–ˆâ–ˆâ–ˆâ–ˆâ–ˆâ–ˆâ–ˆâ–ˆâ–ˆâ–ˆâ–ˆâ–ˆâ–ˆâ–ˆâ–ˆâ–ˆâ–ˆâ–ˆâ–ˆâ–ˆâ–ˆâ–ˆâ–ˆâ–ˆâ–ˆâ–ˆâ–ˆâ–ˆâ–ˆâ–ˆâ–ˆâ–ˆâ–ˆâ–ˆâ–ˆâ–ˆâ–ˆâ–ˆâ–ˆâ–ˆâ–ˆâ–ˆâ–ˆâ–ˆâ–ˆâ–ˆâ–ˆâ–ˆâ–ˆâ–ˆâ–ˆâ–ˆâ–ˆâ–ˆâ–ˆâ–ˆâ–ˆâ–ˆâ–ˆâ–ˆâ–ˆ| 1/1 [00:00<00:00,  1.55it/s]
[2025-10-11 13:47:55.271] FETCH ComfyRegistry Data: 65/99
[2025-10-11 13:47:58.195] FETCH ComfyRegistry Data: 70/99
[2025-10-11 13:48:01.111] FETCH ComfyRegistry Data: 75/99
[2025-10-11 13:48:01.558] using moe
[2025-10-11 13:48:03.124] using moe
[2025-10-11 13:48:04.712] using moe
[2025-10-11 13:48:04.735] FETCH ComfyRegistry Data: 80/99
[2025-10-11 13:48:06.327] using moe
[2025-10-11 13:48:07.646] FETCH ComfyRegistry Data: 85/99
[2025-10-11 13:48:07.927] using moe
[2025-10-11 13:48:09.514] using moe
[2025-10-11 13:48:10.584] FETCH ComfyRegistry Data: 90/99
[2025-10-11 13:48:11.227] PointCrossAttentionEncoder INFO: pc_sharpedge_size is not given, using pc_size as pc_sharpedge_size
[2025-10-11 13:48:13.514] FETCH ComfyRegistry Data: 95/99
[2025-10-11 13:48:17.523] FETCH ComfyRegistry Data [DONE]
[2025-10-11 13:48:17.643] [ComfyUI-Manager] default cache updated: https://api.comfy.org/nodes
[2025-10-11 13:48:17.653] FETCH DATA from: https://raw.githubusercontent.com/ltdrdata/ComfyUI-Manager/main/custom-node-list.json [DONE]
[2025-10-11 13:48:18.007] [ComfyUI-Manager] All startup tasks have been completed.
[2025-10-11 13:48:19.276] Diffusion Sampling:: 100%|â–ˆâ–ˆâ–ˆâ–ˆâ–ˆâ–ˆâ–ˆâ–ˆâ–ˆâ–ˆâ–ˆâ–ˆâ–ˆâ–ˆâ–ˆâ–ˆâ–ˆâ–ˆâ–ˆâ–ˆâ–ˆâ–ˆâ–ˆâ–ˆâ–ˆâ–ˆâ–ˆâ–ˆâ–ˆâ–ˆâ–ˆâ–ˆâ–ˆâ–ˆâ–ˆâ–ˆâ–ˆâ–ˆâ–ˆâ–ˆâ–ˆâ–ˆâ–ˆâ–ˆâ–ˆâ–ˆâ–ˆâ–ˆâ–ˆâ–ˆâ–ˆâ–ˆâ–ˆâ–ˆâ–ˆâ–ˆâ–ˆâ–ˆâ–ˆâ–ˆâ–ˆâ–ˆâ–ˆâ–ˆâ–ˆâ–ˆâ–ˆâ–ˆâ–ˆâ–ˆâ–ˆâ–ˆâ–ˆâ–ˆâ–ˆâ–ˆâ–ˆâ–ˆâ–ˆâ–ˆâ–ˆâ–ˆâ–ˆâ–ˆâ–ˆâ–ˆâ–ˆâ–ˆâ–ˆâ–ˆâ–ˆâ–ˆâ–ˆ| 10/10 [00:01<00:00,  9.74it/s]Diffusion Sampling:: 100%|â–ˆâ–ˆâ–ˆâ–ˆâ–ˆâ–ˆâ–ˆâ–ˆâ–ˆâ–ˆâ–ˆâ–ˆâ–ˆâ–ˆâ–ˆâ–ˆâ–ˆâ–ˆâ–ˆâ–ˆâ–ˆâ–ˆâ–ˆâ–ˆâ–ˆâ–ˆâ–ˆâ–ˆâ–ˆâ–ˆâ–ˆâ–ˆâ–ˆâ–ˆâ–ˆâ–ˆâ–ˆâ–ˆâ–ˆâ–ˆâ–ˆâ–ˆâ–ˆâ–ˆâ–ˆâ–ˆâ–ˆâ–ˆâ–ˆâ–ˆâ–ˆâ–ˆâ–ˆâ–ˆâ–ˆâ–ˆâ–ˆâ–ˆâ–ˆâ–ˆâ–ˆâ–ˆâ–ˆâ–ˆâ–ˆâ–ˆâ–ˆâ–ˆâ–ˆâ–ˆâ–ˆâ–ˆâ–ˆâ–ˆâ–ˆâ–ˆâ–ˆâ–ˆâ–ˆâ–ˆâ–ˆâ–ˆâ–ˆâ–ˆâ–ˆâ–ˆâ–ˆâ–ˆâ–ˆâ–ˆâ–ˆâ–ˆâ–ˆ| 10/10 [00:01<00:00,  9.35it/s]
[2025-10-11 13:48:19.699] PointCrossAttentionEncoder INFO: pc_sharpedge_size is not given, using pc_size as pc_sharpedge_size
[2025-10-11 13:48:21.051] 2025-10-11 13:48:21,051 - hy3dgen.shapgen - INFO - FlashVDMVolumeDecoding Resolution: [63, 126, 252]
[2025-10-11 13:48:21.051] FlashVDMVolumeDecoding Resolution: [63, 126, 252]
[2025-10-11 13:48:21.072] FlashVDM Volume Decoding: 100%|â–ˆâ–ˆâ–ˆâ–ˆâ–ˆâ–ˆâ–ˆâ–ˆâ–ˆâ–ˆâ–ˆâ–ˆâ–ˆâ–ˆâ–ˆâ–ˆâ–ˆâ–ˆâ–ˆâ–ˆâ–ˆâ–ˆâ–ˆâ–ˆâ–ˆâ–ˆâ–ˆâ–ˆâ–ˆâ–ˆâ–ˆâ–ˆâ–ˆâ–ˆâ–ˆâ–ˆâ–ˆâ–ˆâ–ˆâ–ˆâ–ˆâ–ˆâ–ˆâ–ˆâ–ˆâ–ˆâ–ˆâ–ˆâ–ˆâ–ˆâ–ˆâ–ˆâ–ˆâ–ˆâ–ˆâ–ˆâ–ˆâ–ˆâ–ˆâ–ˆâ–ˆâ–ˆâ–ˆâ–ˆâ–ˆâ–ˆâ–ˆâ–ˆâ–ˆâ–ˆâ–ˆâ–ˆâ–ˆâ–ˆâ–ˆâ–ˆâ–ˆâ–ˆâ–ˆâ–ˆâ–ˆâ–ˆâ–ˆâ–ˆâ–ˆâ–ˆâ–ˆâ–ˆâ–ˆ| 5/5 [00:00<00:00, 359.89it/s]
[2025-10-11 13:48:21.464] Decoded mesh with 77005 vertices and 281684 faces
[2025-10-11 13:48:28.803] Removed floaters, resulting in 77005 vertices and 154010 faces
[2025-10-11 13:48:28.836] Removed degenerate faces, resulting in 77005 vertices and 154010 faces
[2025-10-11 13:48:28.838] Fast remesh: 154010 â†’ ~30000 faces
[2025-10-11 13:48:29.215] Done: 29970 faces
[2025-10-11 13:48:31.552] Fetching 19 files: 100%|â–ˆâ–ˆâ–ˆâ–ˆâ–ˆâ–ˆâ–ˆâ–ˆâ–ˆâ–ˆâ–ˆâ–ˆâ–ˆâ–ˆâ–ˆâ–ˆâ–ˆâ–ˆâ–ˆâ–ˆâ–ˆâ–ˆâ–ˆâ–ˆâ–ˆâ–ˆâ–ˆâ–ˆâ–ˆâ–ˆâ–ˆâ–ˆâ–ˆâ–ˆâ–ˆâ–ˆâ–ˆâ–ˆâ–ˆâ–ˆâ–ˆâ–ˆâ–ˆâ–ˆâ–ˆâ–ˆâ–ˆâ–ˆâ–ˆâ–ˆâ–ˆâ–ˆâ–ˆâ–ˆâ–ˆâ–ˆâ–ˆâ–ˆâ–ˆâ–ˆâ–ˆâ–ˆâ–ˆâ–ˆâ–ˆâ–ˆâ–ˆâ–ˆâ–ˆâ–ˆâ–ˆâ–ˆâ–ˆâ–ˆâ–ˆâ–ˆâ–ˆâ–ˆâ–ˆâ–ˆâ–ˆâ–ˆâ–ˆâ–ˆâ–ˆâ–ˆâ–ˆâ–ˆâ–ˆâ–ˆâ–ˆâ–ˆ| 19/19 [00:00<00:00, 28522.47it/s]
[2025-10-11 13:48:39.908] Loading pipeline components...: 100%|â–ˆâ–ˆâ–ˆâ–ˆâ–ˆâ–ˆâ–ˆâ–ˆâ–ˆâ–ˆâ–ˆâ–ˆâ–ˆâ–ˆâ–ˆâ–ˆâ–ˆâ–ˆâ–ˆâ–ˆâ–ˆâ–ˆâ–ˆâ–ˆâ–ˆâ–ˆâ–ˆâ–ˆâ–ˆâ–ˆâ–ˆâ–ˆâ–ˆâ–ˆâ–ˆâ–ˆâ–ˆâ–ˆâ–ˆâ–ˆâ–ˆâ–ˆâ–ˆâ–ˆâ–ˆâ–ˆâ–ˆâ–ˆâ–ˆâ–ˆâ–ˆâ–ˆâ–ˆâ–ˆâ–ˆâ–ˆâ–ˆâ–ˆâ–ˆâ–ˆâ–ˆâ–ˆâ–ˆâ–ˆâ–ˆâ–ˆâ–ˆâ–ˆâ–ˆâ–ˆâ–ˆâ–ˆâ–ˆâ–ˆâ–ˆâ–ˆâ–ˆâ–ˆâ–ˆâ–ˆâ–ˆâ–ˆâ–ˆâ–ˆ| 6/6 [00:08<00:00,  1.39s/it]
[2025-10-11 13:48:41.393] Generating MultiViews PBR ...
[2025-10-11 13:48:52.163] 100%|â–ˆâ–ˆâ–ˆâ–ˆâ–ˆâ–ˆâ–ˆâ–ˆâ–ˆâ–ˆâ–ˆâ–ˆâ–ˆâ–ˆâ–ˆâ–ˆâ–ˆâ–ˆâ–ˆâ–ˆâ–ˆâ–ˆâ–ˆâ–ˆâ–ˆâ–ˆâ–ˆâ–ˆâ–ˆâ–ˆâ–ˆâ–ˆâ–ˆâ–ˆâ–ˆâ–ˆâ–ˆâ–ˆâ–ˆâ–ˆâ–ˆâ–ˆâ–ˆâ–ˆâ–ˆâ–ˆâ–ˆâ–ˆâ–ˆâ–ˆâ–ˆâ–ˆâ–ˆâ–ˆâ–ˆâ–ˆâ–ˆâ–ˆâ–ˆâ–ˆâ–ˆâ–ˆâ–ˆâ–ˆâ–ˆâ–ˆâ–ˆâ–ˆâ–ˆâ–ˆâ–ˆâ–ˆâ–ˆâ–ˆâ–ˆâ–ˆâ–ˆâ–ˆâ–ˆâ–ˆâ–ˆâ–ˆâ–ˆâ–ˆâ–ˆâ–ˆâ–ˆâ–ˆâ–ˆâ–ˆâ–ˆâ–ˆâ–ˆâ–ˆâ–ˆâ–ˆâ–ˆâ–ˆâ–ˆâ–ˆâ–ˆâ–ˆâ–ˆâ–ˆâ–ˆâ–ˆâ–ˆâ–ˆâ–ˆâ–ˆâ–ˆâ–ˆâ–ˆâ–ˆ| 10/10 [00:09<00:00,  1.08it/s]100%|â–ˆâ–ˆâ–ˆâ–ˆâ–ˆâ–ˆâ–ˆâ–ˆâ–ˆâ–ˆâ–ˆâ–ˆâ–ˆâ–ˆâ–ˆâ–ˆâ–ˆâ–ˆâ–ˆâ–ˆâ–ˆâ–ˆâ–ˆâ–ˆâ–ˆâ–ˆâ–ˆâ–ˆâ–ˆâ–ˆâ–ˆâ–ˆâ–ˆâ–ˆâ–ˆâ–ˆâ–ˆâ–ˆâ–ˆâ–ˆâ–ˆâ–ˆâ–ˆâ–ˆâ–ˆâ–ˆâ–ˆâ–ˆâ–ˆâ–ˆâ–ˆâ–ˆâ–ˆâ–ˆâ–ˆâ–ˆâ–ˆâ–ˆâ–ˆâ–ˆâ–ˆâ–ˆâ–ˆâ–ˆâ–ˆâ–ˆâ–ˆâ–ˆâ–ˆâ–ˆâ–ˆâ–ˆâ–ˆâ–ˆâ–ˆâ–ˆâ–ˆâ–ˆâ–ˆâ–ˆâ–ˆâ–ˆâ–ˆâ–ˆâ–ˆâ–ˆâ–ˆâ–ˆâ–ˆâ–ˆâ–ˆâ–ˆâ–ˆâ–ˆâ–ˆâ–ˆâ–ˆâ–ˆâ–ˆâ–ˆâ–ˆâ–ˆâ–ˆâ–ˆâ–ˆâ–ˆâ–ˆâ–ˆâ–ˆâ–ˆâ–ˆâ–ˆâ–ˆâ–ˆ| 10/10 [00:09<00:00,  1.01it/s]
[2025-10-11 13:48:54.633] PBR GLBæ–‡ä»¶å·²ä¿å­˜: /home/shadeform/ComfyUI/temp/Hy21_Mesh.glb
[2025-10-11 13:48:55.369] Prompt executed in 64.62 seconds
[2025-10-11 13:52:39.128] 
Stopped server
